	Babylon.js Exporter version: 1.8.0, Blender version: 2.74 (sub 0)
========= Conversion from Blender to Babylon.js =========
	Python World class constructor completed
	processing begun of material:  platformer.Material
	processing begun of material:  platformer.Material.001
	processing begun of material:  platformer.Material.002
	processing begun of material:  platformer.Material.003
	processing begun of material:  platformer.Material.004
	processing begun of material:  platformer.Material.005
	processing begun of material:  platformer.Material.006
	processing begun of material:  platformer.Material.007
	processing begun of material:  platformer.Material.012
	Diffuse texture found
Error encountered processing image file:  /home/lilys/game2/scenes/AMAZING_BACKGROUND.png, Error:  '/home/lilys/game2/scenes/AMAZING_BACKGROUND.png' and '/home/lilys/game2/scenes/AMAZING_BACKGROUND.png' are the same file
	processing begun of mesh:  Cylinder
		WARNING:  No materials have been assigned: 
		num positions      :  64
		num normals        :  64
		num uvs            :  0
		num uvs2           :  0
		num colors         :  0
		num indices        :  372
	processing begun of mesh:  Cube.018
		num positions      :  8
		num normals        :  8
		num uvs            :  0
		num uvs2           :  0
		num colors         :  0
		num indices        :  36
	processing begun of mesh:  Suzanne
		WARNING:  No materials have been assigned: 
		num positions      :  507
		num normals        :  507
		num uvs            :  0
		num uvs2           :  0
		num colors         :  0
		num indices        :  2904
	processing begun of mesh:  Torus.001
		num positions      :  576
		num normals        :  576
		num uvs            :  0
		num uvs2           :  0
		num colors         :  0
		num indices        :  3456
	WARNING: The following object is not currently exportable thus ignored: Mball.001
	processing begun of mesh:  Cube.017
		num positions      :  515
		num normals        :  515
		num uvs            :  0
		num uvs2           :  0
		num colors         :  0
		num indices        :  2940
	processing begun of mesh:  Cube.016
		num positions      :  515
		num normals        :  515
		num uvs            :  0
		num uvs2           :  0
		num colors         :  0
		num indices        :  2940
	processing begun of mesh:  Cube.015
		num positions      :  515
		num normals        :  515
		num uvs            :  0
		num uvs2           :  0
		num colors         :  0
		num indices        :  2940
	processing begun of mesh:  Cube.014
		num positions      :  515
		num normals        :  515
		num uvs            :  0
		num uvs2           :  0
		num colors         :  0
		num indices        :  2940
	processing begun of mesh:  Cube.013
		num positions      :  515
		num normals        :  515
		num uvs            :  0
		num uvs2           :  0
		num colors         :  0
		num indices        :  2940
	processing begun of mesh:  Cube.012
		num positions      :  515
		num normals        :  515
		num uvs            :  0
		num uvs2           :  0
		num colors         :  0
		num indices        :  2940
	processing begun of mesh:  Cube.011
		num positions      :  515
		num normals        :  515
		num uvs            :  0
		num uvs2           :  0
		num colors         :  0
		num indices        :  2940
	processing begun of mesh:  Cube.010
		num positions      :  515
		num normals        :  515
		num uvs            :  0
		num uvs2           :  0
		num colors         :  0
		num indices        :  2940
	processing begun of mesh:  Torus
		num positions      :  576
		num normals        :  576
		num uvs            :  0
		num uvs2           :  0
		num colors         :  0
		num indices        :  3456
	processing begun of mesh:  Cube
		num positions      :  8
		num normals        :  8
		num uvs            :  0
		num uvs2           :  0
		num colors         :  0
		num indices        :  36
	processing begun of mesh:  Trigger.End
		WARNING:  No materials have been assigned: 
		num positions      :  8
		num normals        :  8
		num uvs            :  0
		num uvs2           :  0
		num colors         :  0
		num indices        :  36
	processing begun of mesh:  InitialSpawn
		WARNING:  No materials have been assigned: 
		num positions      :  8
		num normals        :  8
		num uvs            :  0
		num uvs2           :  0
		num colors         :  0
		num indices        :  36
	processing begun of mesh:  Plane.001
		num positions      :  4
		num normals        :  4
		num uvs            :  8
		num uvs2           :  0
		num colors         :  0
		num indices        :  6
	processing begun of mesh:  Cube.007
		WARNING:  No materials have been assigned: 
		num positions      :  8
		num normals        :  8
		num uvs            :  0
		num uvs2           :  0
		num colors         :  0
		num indices        :  36
	processing begun of mesh:  Cube.006
		num positions      :  8
		num normals        :  8
		num uvs            :  0
		num uvs2           :  0
		num colors         :  0
		num indices        :  36
	processing begun of mesh:  Cube.004
		num positions      :  8
		num normals        :  8
		num uvs            :  0
		num uvs2           :  0
		num colors         :  0
		num indices        :  36
	processing begun of mesh:  Cube.003
		num positions      :  8
		num normals        :  8
		num uvs            :  0
		num uvs2           :  0
		num colors         :  0
		num indices        :  36
	processing begun of mesh:  Cube.002
		num positions      :  8
		num normals        :  8
		num uvs            :  0
		num uvs2           :  0
		num colors         :  0
		num indices        :  36
	processing begun of mesh:  Cube.001
		num positions      :  8
		num normals        :  8
		num uvs            :  0
		num uvs2           :  0
		num colors         :  0
		num indices        :  36
	processing begun of mesh:  Plane
		num positions      :  8
		num normals        :  8
		num uvs            :  0
		num uvs2           :  0
		num colors         :  0
		num indices        :  36
	processing begun of camera (FreeCamera):  Camera
	processing begun of mesh:  Cube.005
		num positions      :  8
		num normals        :  8
		num uvs            :  0
		num uvs2           :  0
		num colors         :  0
		num indices        :  36
	processing begun of light (HEMI):  Lamp
========= Writing of scene file started =========
========= Writing of scene file completed =========
========= end of processing =========
